<?xml version="1.0" encoding="UTF-8"?>
<testsuite name="smarticulous.SmarticulousTest" tests="1" skipped="0" failures="0" errors="0" timestamp="2024-02-10T13:00:01" hostname="DESKTOP-5DUGAR5" time="1.103">
  <properties/>
  <testcase name="submission_getLastSubmissionStatement" classname="smarticulous.SmarticulousTest" time="1.103"/>
  <system-out><![CDATA[]]></system-out>
  <system-err><![CDATA[SLF4J: Failed to load class "org.slf4j.impl.StaticLoggerBinder".
SLF4J: Defaulting to no-operation (NOP) logger implementation
SLF4J: See http://www.slf4j.org/codes.html#StaticLoggerBinder for further details.
]]></system-err>
</testsuite>
